<?xml version="1.0" encoding="UTF-8"?>
<!-- Generated by org.testng.reporters.JUnitXMLReporter -->
<testsuite hostname="LTB0206672-MAC.local" ignored="0" name="Default test" tests="3" failures="0" timestamp="21 Aug 2019 09:13:03 GMT" time="28.483" errors="0">
  <testcase name="searcht" time="28.294" classname="test.Search"/>
  <testcase name="assertCart" time="0.06" classname="test.Search"/>
  <testcase name="priceAssertion" time="0.056" classname="test.Search"/>
</testsuite> <!-- Default test -->
