<?xml version="1.0" encoding="UTF-8"?>
<!-- Generated by org.testng.reporters.JUnitXMLReporter -->
<testsuite hostname="LTB0206672-MAC.local" ignored="0" name="Amazon" tests="1" failures="1" timestamp="19 Aug 2019 17:30:51 GMT" time="0.072" errors="0">
  <testcase name="searcht" time="0.011" classname="webautomation.Search">
    <failure type="java.lang.NullPointerException">
      <![CDATA[java.lang.NullPointerException
at org.openqa.selenium.support.pagefactory.DefaultElementLocator.findElement(DefaultElementLocator.java:69)
at org.openqa.selenium.support.pagefactory.internal.LocatingElementHandler.invoke(LocatingElementHandler.java:38)
at com.sun.proxy.$Proxy7.sendKeys(Unknown Source)
at pages.AmazonHomePage.search(AmazonHomePage.java:19)
at webautomation.Search.searcht(Search.java:17)
... Removed 25 stack frames]]>
    </failure>
  </testcase> <!-- searcht -->
</testsuite> <!-- Amazon -->
