<?xml version="1.0" encoding="UTF-8"?>
<testng-results skipped="0" failed="0" ignored="0" total="3" passed="3">
  <reporter-output>
    <line>
      <![CDATA[Navigating to the Test URL]]>
    </line>
  </reporter-output>
  <suite name="Suite" duration-ms="34395" started-at="2019-08-21T10:27:54Z" finished-at="2019-08-21T10:28:28Z">
    <groups>
    </groups>
    <test name="Test" duration-ms="34395" started-at="2019-08-21T10:27:54Z" finished-at="2019-08-21T10:28:28Z">
      <class name="test.Search">
        <test-method status="PASS" signature="setUp()[pri:0, instance:test.Search@42d3bd8b]" name="setUp" is-config="true" duration-ms="5774" started-at="2019-08-21T10:27:48Z" finished-at="2019-08-21T10:27:54Z">
          <reporter-output>
            <line>
              <![CDATA[Navigating to the Test URL]]>
            </line>
          </reporter-output>
        </test-method> <!-- setUp -->
        <test-method status="PASS" signature="searcht()[pri:0, instance:test.Search@42d3bd8b]" name="searcht" duration-ms="34310" started-at="2019-08-21T10:27:54Z" finished-at="2019-08-21T10:28:28Z">
          <reporter-output>
          </reporter-output>
        </test-method> <!-- searcht -->
        <test-method status="PASS" signature="assertCart()[pri:0, instance:test.Search@42d3bd8b]" name="assertCart" duration-ms="29" started-at="2019-08-21T10:28:28Z" depends-on-methods="test.Search.searcht" finished-at="2019-08-21T10:28:28Z">
          <reporter-output>
          </reporter-output>
        </test-method> <!-- assertCart -->
        <test-method status="PASS" signature="priceAssertion()[pri:0, instance:test.Search@42d3bd8b]" name="priceAssertion" duration-ms="44" started-at="2019-08-21T10:28:28Z" depends-on-methods="test.Search.searcht" finished-at="2019-08-21T10:28:28Z">
          <reporter-output>
          </reporter-output>
        </test-method> <!-- priceAssertion -->
        <test-method status="PASS" signature="flush()[pri:0, instance:test.Search@42d3bd8b]" name="flush" is-config="true" duration-ms="332" started-at="2019-08-21T10:28:33Z" finished-at="2019-08-21T10:28:33Z">
          <reporter-output>
          </reporter-output>
        </test-method> <!-- flush -->
      </class> <!-- test.Search -->
    </test> <!-- Test -->
  </suite> <!-- Suite -->
</testng-results>
