<?xml version="1.0" encoding="UTF-8"?>
<testng-results skipped="0" failed="0" ignored="0" total="3" passed="3">
  <reporter-output>
    <line>
      <![CDATA[Navigating to the Test URL]]>
    </line>
  </reporter-output>
  <suite name="Suite" duration-ms="111228" started-at="2019-08-22T03:07:23Z" finished-at="2019-08-22T03:09:14Z">
    <groups>
    </groups>
    <test name="Test" duration-ms="111228" started-at="2019-08-22T03:07:23Z" finished-at="2019-08-22T03:09:14Z">
      <class name="test.Tests">
        <test-method status="PASS" signature="setUp()[pri:0, instance:test.Tests@f6c48ac]" name="setUp" is-config="true" duration-ms="7433" started-at="2019-08-22T03:07:15Z" finished-at="2019-08-22T03:07:23Z">
          <reporter-output>
            <line>
              <![CDATA[Navigating to the Test URL]]>
            </line>
          </reporter-output>
        </test-method> <!-- setUp -->
        <test-method status="PASS" signature="searcht()[pri:0, instance:test.Tests@f6c48ac]" name="searcht" duration-ms="111015" started-at="2019-08-22T03:07:23Z" finished-at="2019-08-22T03:09:14Z">
          <reporter-output>
          </reporter-output>
        </test-method> <!-- searcht -->
        <test-method status="PASS" signature="assertCart()[pri:0, instance:test.Tests@f6c48ac]" name="assertCart" duration-ms="101" started-at="2019-08-22T03:09:14Z" depends-on-methods="test.Tests.searcht" finished-at="2019-08-22T03:09:14Z">
          <reporter-output>
          </reporter-output>
        </test-method> <!-- assertCart -->
        <test-method status="PASS" signature="priceAssertion()[pri:0, instance:test.Tests@f6c48ac]" name="priceAssertion" duration-ms="74" started-at="2019-08-22T03:09:14Z" depends-on-methods="test.Tests.searcht" finished-at="2019-08-22T03:09:14Z">
          <reporter-output>
          </reporter-output>
        </test-method> <!-- priceAssertion -->
        <test-method status="PASS" signature="flush()[pri:0, instance:test.Tests@f6c48ac]" name="flush" is-config="true" duration-ms="748" started-at="2019-08-22T03:09:19Z" finished-at="2019-08-22T03:09:20Z">
          <reporter-output>
          </reporter-output>
        </test-method> <!-- flush -->
      </class> <!-- test.Tests -->
    </test> <!-- Test -->
  </suite> <!-- Suite -->
</testng-results>
