<?xml version="1.0" encoding="UTF-8"?>
<testng-results skipped="0" failed="0" ignored="0" total="3" passed="3">
  <reporter-output>
    <line>
      <![CDATA[Navigating to the Test URL]]>
    </line>
  </reporter-output>
  <suite name="Suite" duration-ms="51796" started-at="2019-08-21T17:45:34Z" finished-at="2019-08-21T17:46:26Z">
    <groups>
    </groups>
    <test name="Test" duration-ms="51796" started-at="2019-08-21T17:45:34Z" finished-at="2019-08-21T17:46:26Z">
      <class name="test.Search">
        <test-method status="PASS" signature="setUp()[pri:0, instance:test.Search@f6c48ac]" name="setUp" is-config="true" duration-ms="15799" started-at="2019-08-21T17:45:18Z" finished-at="2019-08-21T17:45:34Z">
          <reporter-output>
            <line>
              <![CDATA[Navigating to the Test URL]]>
            </line>
          </reporter-output>
        </test-method> <!-- setUp -->
        <test-method status="PASS" signature="searcht()[pri:0, instance:test.Search@f6c48ac]" name="searcht" duration-ms="51643" started-at="2019-08-21T17:45:34Z" finished-at="2019-08-21T17:46:26Z">
          <reporter-output>
          </reporter-output>
        </test-method> <!-- searcht -->
        <test-method status="PASS" signature="assertCart()[pri:0, instance:test.Search@f6c48ac]" name="assertCart" duration-ms="55" started-at="2019-08-21T17:46:26Z" depends-on-methods="test.Search.searcht" finished-at="2019-08-21T17:46:26Z">
          <reporter-output>
          </reporter-output>
        </test-method> <!-- assertCart -->
        <test-method status="PASS" signature="priceAssertion()[pri:0, instance:test.Search@f6c48ac]" name="priceAssertion" duration-ms="41" started-at="2019-08-21T17:46:26Z" depends-on-methods="test.Search.searcht" finished-at="2019-08-21T17:46:26Z">
          <reporter-output>
          </reporter-output>
        </test-method> <!-- priceAssertion -->
        <test-method status="PASS" signature="flush()[pri:0, instance:test.Search@f6c48ac]" name="flush" is-config="true" duration-ms="627" started-at="2019-08-21T17:46:31Z" finished-at="2019-08-21T17:46:31Z">
          <reporter-output>
          </reporter-output>
        </test-method> <!-- flush -->
      </class> <!-- test.Search -->
    </test> <!-- Test -->
  </suite> <!-- Suite -->
</testng-results>
